The target system is: Generic -  - mipsel
The host system is: Linux - 6.14.0-29-generic - x86_64
Compiling the C compiler identification source file "CMakeCCompilerId.c" succeeded.
Compiler: /opt/psn00bsdk/PSn00bSDK-0.24-Linux/bin/mipsel-none-elf-gcc 
Build flags: 
Id flags:  

The output was:
0
/opt/psn00bsdk/PSn00bSDK-0.24-Linux/bin/../lib/gcc/mipsel-none-elf/12.3.0/../../../../mipsel-none-elf/bin/ld: warning: cannot find entry symbol _start; defaulting to 00400060


Compilation of the C compiler identification source "CMakeCCompilerId.c" produced "a.out"

The C compiler identification is GNU, found in "/project/build-ps1/CMakeFiles/3.22.1/CompilerIdC/a.out"

Detecting C compiler ABI info compiled with the following output:
Change Dir: /project/build-ps1/CMakeFiles/CMakeTmp

Run Build Command(s):/usr/bin/gmake -f Makefile cmTC_81adb/fast && /usr/bin/gmake  -f CMakeFiles/cmTC_81adb.dir/build.make CMakeFiles/cmTC_81adb.dir/build
gmake[1]: Entering directory '/project/build-ps1/CMakeFiles/CMakeTmp'
Building C object CMakeFiles/cmTC_81adb.dir/CMakeCCompilerABI.c.obj
/opt/psn00bsdk/PSn00bSDK-0.24-Linux/bin/mipsel-none-elf-gcc   -v -o CMakeFiles/cmTC_81adb.dir/CMakeCCompilerABI.c.obj -c /usr/share/cmake-3.22/Modules/CMakeCCompilerABI.c
Using built-in specs.
COLLECT_GCC=/opt/psn00bsdk/PSn00bSDK-0.24-Linux/bin/mipsel-none-elf-gcc
Target: mipsel-none-elf
Configured with: ../gcc-12.3.0/configure --prefix=/home/runner/work/PSn00bSDK/PSn00bSDK/gcc/linux --target=mipsel-none-elf --disable-docs --disable-nls --disable-werror --disable-libada --disable-libssp --disable-libquadmath --disable-threads --disable-libgomp --disable-libstdcxx-pch --disable-hosted-libstdcxx --enable-languages=c,c++ --without-isl --without-headers --with-float=soft --with-gnu-as --with-gnu-ld
Thread model: single
Supported LTO compression algorithms: zlib zstd
gcc version 12.3.0 (GCC) 
COLLECT_GCC_OPTIONS='-v' '-o' 'CMakeFiles/cmTC_81adb.dir/CMakeCCompilerABI.c.obj' '-c' '-msoft-float' '-dumpdir' 'CMakeFiles/cmTC_81adb.dir/'
 /opt/psn00bsdk/PSn00bSDK-0.24-Linux/bin/../libexec/gcc/mipsel-none-elf/12.3.0/cc1 -quiet -v -imultilib soft-float -iprefix /opt/psn00bsdk/PSn00bSDK-0.24-Linux/bin/../lib/gcc/mipsel-none-elf/12.3.0/ /usr/share/cmake-3.22/Modules/CMakeCCompilerABI.c -quiet -dumpdir CMakeFiles/cmTC_81adb.dir/ -dumpbase CMakeCCompilerABI.c.c -dumpbase-ext .c -msoft-float -version -o /tmp/cc4WUkkl.s
GNU C17 (GCC) version 12.3.0 (mipsel-none-elf)
	compiled by GNU C version 11.3.0, GMP version 6.2.1, MPFR version 4.1.0, MPC version 1.2.1, isl version none
GGC heuristics: --param ggc-min-expand=100 --param ggc-min-heapsize=131072
ignoring nonexistent directory "/opt/psn00bsdk/PSn00bSDK-0.24-Linux/bin/../lib/gcc/mipsel-none-elf/12.3.0/../../../../mipsel-none-elf/sys-include"
ignoring duplicate directory "/opt/psn00bsdk/PSn00bSDK-0.24-Linux/bin/../lib/gcc/../../lib/gcc/mipsel-none-elf/12.3.0/include"
ignoring duplicate directory "/opt/psn00bsdk/PSn00bSDK-0.24-Linux/bin/../lib/gcc/../../lib/gcc/mipsel-none-elf/12.3.0/include-fixed"
ignoring nonexistent directory "/opt/psn00bsdk/PSn00bSDK-0.24-Linux/bin/../lib/gcc/../../lib/gcc/mipsel-none-elf/12.3.0/../../../../mipsel-none-elf/sys-include"
ignoring duplicate directory "/opt/psn00bsdk/PSn00bSDK-0.24-Linux/bin/../lib/gcc/../../lib/gcc/mipsel-none-elf/12.3.0/../../../../mipsel-none-elf/include"
#include "..." search starts here:
#include <...> search starts here:
 /opt/psn00bsdk/PSn00bSDK-0.24-Linux/bin/../lib/gcc/mipsel-none-elf/12.3.0/include
 /opt/psn00bsdk/PSn00bSDK-0.24-Linux/bin/../lib/gcc/mipsel-none-elf/12.3.0/include-fixed
 /opt/psn00bsdk/PSn00bSDK-0.24-Linux/bin/../lib/gcc/mipsel-none-elf/12.3.0/../../../../mipsel-none-elf/include
End of search list.
GNU C17 (GCC) version 12.3.0 (mipsel-none-elf)
	compiled by GNU C version 11.3.0, GMP version 6.2.1, MPFR version 4.1.0, MPC version 1.2.1, isl version none
GGC heuristics: --param ggc-min-expand=100 --param ggc-min-heapsize=131072
Compiler executable checksum: ff2a8fa1988bf69526bc18849627039e
COLLECT_GCC_OPTIONS='-v' '-o' 'CMakeFiles/cmTC_81adb.dir/CMakeCCompilerABI.c.obj' '-c' '-msoft-float' '-dumpdir' 'CMakeFiles/cmTC_81adb.dir/'
 /opt/psn00bsdk/PSn00bSDK-0.24-Linux/bin/../lib/gcc/mipsel-none-elf/12.3.0/../../../../mipsel-none-elf/bin/as -v -EL -O1 -mabi=32 -msoft-float -o CMakeFiles/cmTC_81adb.dir/CMakeCCompilerABI.c.obj /tmp/cc4WUkkl.s
GNU assembler version 2.40 (mipsel-none-elf) using BFD version (GNU Binutils) 2.40
COMPILER_PATH=/opt/psn00bsdk/PSn00bSDK-0.24-Linux/bin/../libexec/gcc/mipsel-none-elf/12.3.0/:/opt/psn00bsdk/PSn00bSDK-0.24-Linux/bin/../libexec/gcc/:/opt/psn00bsdk/PSn00bSDK-0.24-Linux/bin/../lib/gcc/mipsel-none-elf/12.3.0/../../../../mipsel-none-elf/bin/
LIBRARY_PATH=/opt/psn00bsdk/PSn00bSDK-0.24-Linux/bin/../lib/gcc/mipsel-none-elf/12.3.0/soft-float/:/opt/psn00bsdk/PSn00bSDK-0.24-Linux/bin/../lib/gcc/mipsel-none-elf/12.3.0/../../../../mipsel-none-elf/lib/soft-float/:/opt/psn00bsdk/PSn00bSDK-0.24-Linux/bin/../lib/gcc/mipsel-none-elf/12.3.0/:/opt/psn00bsdk/PSn00bSDK-0.24-Linux/bin/../lib/gcc/:/opt/psn00bsdk/PSn00bSDK-0.24-Linux/bin/../lib/gcc/mipsel-none-elf/12.3.0/../../../../mipsel-none-elf/lib/
COLLECT_GCC_OPTIONS='-v' '-o' 'CMakeFiles/cmTC_81adb.dir/CMakeCCompilerABI.c.obj' '-c' '-msoft-float' '-dumpdir' 'CMakeFiles/cmTC_81adb.dir/CMakeCCompilerABI.c.'
Linking C static library libcmTC_81adb.a
/usr/bin/cmake -P CMakeFiles/cmTC_81adb.dir/cmake_clean_target.cmake
/usr/bin/cmake -E cmake_link_script CMakeFiles/cmTC_81adb.dir/link.txt --verbose=1
/opt/psn00bsdk/PSn00bSDK-0.24-Linux/bin/mipsel-none-elf-ar qc libcmTC_81adb.a CMakeFiles/cmTC_81adb.dir/CMakeCCompilerABI.c.obj
/opt/psn00bsdk/PSn00bSDK-0.24-Linux/bin/mipsel-none-elf-ranlib libcmTC_81adb.a
gmake[1]: Leaving directory '/project/build-ps1/CMakeFiles/CMakeTmp'



Parsed C implicit include dir info from above output: rv=done
  found start of include info
  found start of implicit include info
    add: [/opt/psn00bsdk/PSn00bSDK-0.24-Linux/bin/../lib/gcc/mipsel-none-elf/12.3.0/include]
    add: [/opt/psn00bsdk/PSn00bSDK-0.24-Linux/bin/../lib/gcc/mipsel-none-elf/12.3.0/include-fixed]
    add: [/opt/psn00bsdk/PSn00bSDK-0.24-Linux/bin/../lib/gcc/mipsel-none-elf/12.3.0/../../../../mipsel-none-elf/include]
  end of search list found
  collapse include dir [/opt/psn00bsdk/PSn00bSDK-0.24-Linux/bin/../lib/gcc/mipsel-none-elf/12.3.0/include] ==> [/opt/psn00bsdk/PSn00bSDK-0.24-Linux/lib/gcc/mipsel-none-elf/12.3.0/include]
  collapse include dir [/opt/psn00bsdk/PSn00bSDK-0.24-Linux/bin/../lib/gcc/mipsel-none-elf/12.3.0/include-fixed] ==> [/opt/psn00bsdk/PSn00bSDK-0.24-Linux/lib/gcc/mipsel-none-elf/12.3.0/include-fixed]
  collapse include dir [/opt/psn00bsdk/PSn00bSDK-0.24-Linux/bin/../lib/gcc/mipsel-none-elf/12.3.0/../../../../mipsel-none-elf/include] ==> [/opt/psn00bsdk/PSn00bSDK-0.24-Linux/mipsel-none-elf/include]
  implicit include dirs: [/opt/psn00bsdk/PSn00bSDK-0.24-Linux/lib/gcc/mipsel-none-elf/12.3.0/include;/opt/psn00bsdk/PSn00bSDK-0.24-Linux/lib/gcc/mipsel-none-elf/12.3.0/include-fixed;/opt/psn00bsdk/PSn00bSDK-0.24-Linux/mipsel-none-elf/include]


Parsed C implicit link information from above output:
  link line regex: [^( *|.*[/\])(mipsel-none-elf-ld|CMAKE_LINK_STARTFILE-NOTFOUND|([^/\]+-)?ld|collect2)[^/\]*( |$)]
  ignore line: [Change Dir: /project/build-ps1/CMakeFiles/CMakeTmp]
  ignore line: []
  ignore line: [Run Build Command(s):/usr/bin/gmake -f Makefile cmTC_81adb/fast && /usr/bin/gmake  -f CMakeFiles/cmTC_81adb.dir/build.make CMakeFiles/cmTC_81adb.dir/build]
  ignore line: [gmake[1]: Entering directory '/project/build-ps1/CMakeFiles/CMakeTmp']
  ignore line: [Building C object CMakeFiles/cmTC_81adb.dir/CMakeCCompilerABI.c.obj]
  ignore line: [/opt/psn00bsdk/PSn00bSDK-0.24-Linux/bin/mipsel-none-elf-gcc   -v -o CMakeFiles/cmTC_81adb.dir/CMakeCCompilerABI.c.obj -c /usr/share/cmake-3.22/Modules/CMakeCCompilerABI.c]
  ignore line: [Using built-in specs.]
  ignore line: [COLLECT_GCC=/opt/psn00bsdk/PSn00bSDK-0.24-Linux/bin/mipsel-none-elf-gcc]
  ignore line: [Target: mipsel-none-elf]
  ignore line: [Configured with: ../gcc-12.3.0/configure --prefix=/home/runner/work/PSn00bSDK/PSn00bSDK/gcc/linux --target=mipsel-none-elf --disable-docs --disable-nls --disable-werror --disable-libada --disable-libssp --disable-libquadmath --disable-threads --disable-libgomp --disable-libstdcxx-pch --disable-hosted-libstdcxx --enable-languages=c,c++ --without-isl --without-headers --with-float=soft --with-gnu-as --with-gnu-ld]
  ignore line: [Thread model: single]
  ignore line: [Supported LTO compression algorithms: zlib zstd]
  ignore line: [gcc version 12.3.0 (GCC) ]
  ignore line: [COLLECT_GCC_OPTIONS='-v' '-o' 'CMakeFiles/cmTC_81adb.dir/CMakeCCompilerABI.c.obj' '-c' '-msoft-float' '-dumpdir' 'CMakeFiles/cmTC_81adb.dir/']
  ignore line: [ /opt/psn00bsdk/PSn00bSDK-0.24-Linux/bin/../libexec/gcc/mipsel-none-elf/12.3.0/cc1 -quiet -v -imultilib soft-float -iprefix /opt/psn00bsdk/PSn00bSDK-0.24-Linux/bin/../lib/gcc/mipsel-none-elf/12.3.0/ /usr/share/cmake-3.22/Modules/CMakeCCompilerABI.c -quiet -dumpdir CMakeFiles/cmTC_81adb.dir/ -dumpbase CMakeCCompilerABI.c.c -dumpbase-ext .c -msoft-float -version -o /tmp/cc4WUkkl.s]
  ignore line: [GNU C17 (GCC) version 12.3.0 (mipsel-none-elf)]
  ignore line: [	compiled by GNU C version 11.3.0  GMP version 6.2.1  MPFR version 4.1.0  MPC version 1.2.1  isl version none]
  ignore line: [GGC heuristics: --param ggc-min-expand=100 --param ggc-min-heapsize=131072]
  ignore line: [ignoring nonexistent directory "/opt/psn00bsdk/PSn00bSDK-0.24-Linux/bin/../lib/gcc/mipsel-none-elf/12.3.0/../../../../mipsel-none-elf/sys-include"]
  ignore line: [ignoring duplicate directory "/opt/psn00bsdk/PSn00bSDK-0.24-Linux/bin/../lib/gcc/../../lib/gcc/mipsel-none-elf/12.3.0/include"]
  ignore line: [ignoring duplicate directory "/opt/psn00bsdk/PSn00bSDK-0.24-Linux/bin/../lib/gcc/../../lib/gcc/mipsel-none-elf/12.3.0/include-fixed"]
  ignore line: [ignoring nonexistent directory "/opt/psn00bsdk/PSn00bSDK-0.24-Linux/bin/../lib/gcc/../../lib/gcc/mipsel-none-elf/12.3.0/../../../../mipsel-none-elf/sys-include"]
  ignore line: [ignoring duplicate directory "/opt/psn00bsdk/PSn00bSDK-0.24-Linux/bin/../lib/gcc/../../lib/gcc/mipsel-none-elf/12.3.0/../../../../mipsel-none-elf/include"]
  ignore line: [#include "..." search starts here:]
  ignore line: [#include <...> search starts here:]
  ignore line: [ /opt/psn00bsdk/PSn00bSDK-0.24-Linux/bin/../lib/gcc/mipsel-none-elf/12.3.0/include]
  ignore line: [ /opt/psn00bsdk/PSn00bSDK-0.24-Linux/bin/../lib/gcc/mipsel-none-elf/12.3.0/include-fixed]
  ignore line: [ /opt/psn00bsdk/PSn00bSDK-0.24-Linux/bin/../lib/gcc/mipsel-none-elf/12.3.0/../../../../mipsel-none-elf/include]
  ignore line: [End of search list.]
  ignore line: [GNU C17 (GCC) version 12.3.0 (mipsel-none-elf)]
  ignore line: [	compiled by GNU C version 11.3.0  GMP version 6.2.1  MPFR version 4.1.0  MPC version 1.2.1  isl version none]
  ignore line: [GGC heuristics: --param ggc-min-expand=100 --param ggc-min-heapsize=131072]
  ignore line: [Compiler executable checksum: ff2a8fa1988bf69526bc18849627039e]
  ignore line: [COLLECT_GCC_OPTIONS='-v' '-o' 'CMakeFiles/cmTC_81adb.dir/CMakeCCompilerABI.c.obj' '-c' '-msoft-float' '-dumpdir' 'CMakeFiles/cmTC_81adb.dir/']
  ignore line: [ /opt/psn00bsdk/PSn00bSDK-0.24-Linux/bin/../lib/gcc/mipsel-none-elf/12.3.0/../../../../mipsel-none-elf/bin/as -v -EL -O1 -mabi=32 -msoft-float -o CMakeFiles/cmTC_81adb.dir/CMakeCCompilerABI.c.obj /tmp/cc4WUkkl.s]
  ignore line: [GNU assembler version 2.40 (mipsel-none-elf) using BFD version (GNU Binutils) 2.40]
  ignore line: [COMPILER_PATH=/opt/psn00bsdk/PSn00bSDK-0.24-Linux/bin/../libexec/gcc/mipsel-none-elf/12.3.0/:/opt/psn00bsdk/PSn00bSDK-0.24-Linux/bin/../libexec/gcc/:/opt/psn00bsdk/PSn00bSDK-0.24-Linux/bin/../lib/gcc/mipsel-none-elf/12.3.0/../../../../mipsel-none-elf/bin/]
  ignore line: [LIBRARY_PATH=/opt/psn00bsdk/PSn00bSDK-0.24-Linux/bin/../lib/gcc/mipsel-none-elf/12.3.0/soft-float/:/opt/psn00bsdk/PSn00bSDK-0.24-Linux/bin/../lib/gcc/mipsel-none-elf/12.3.0/../../../../mipsel-none-elf/lib/soft-float/:/opt/psn00bsdk/PSn00bSDK-0.24-Linux/bin/../lib/gcc/mipsel-none-elf/12.3.0/:/opt/psn00bsdk/PSn00bSDK-0.24-Linux/bin/../lib/gcc/:/opt/psn00bsdk/PSn00bSDK-0.24-Linux/bin/../lib/gcc/mipsel-none-elf/12.3.0/../../../../mipsel-none-elf/lib/]
  ignore line: [COLLECT_GCC_OPTIONS='-v' '-o' 'CMakeFiles/cmTC_81adb.dir/CMakeCCompilerABI.c.obj' '-c' '-msoft-float' '-dumpdir' 'CMakeFiles/cmTC_81adb.dir/CMakeCCompilerABI.c.']
  ignore line: [Linking C static library libcmTC_81adb.a]
  ignore line: [/usr/bin/cmake -P CMakeFiles/cmTC_81adb.dir/cmake_clean_target.cmake]
  ignore line: [/usr/bin/cmake -E cmake_link_script CMakeFiles/cmTC_81adb.dir/link.txt --verbose=1]
  ignore line: [/opt/psn00bsdk/PSn00bSDK-0.24-Linux/bin/mipsel-none-elf-ar qc libcmTC_81adb.a CMakeFiles/cmTC_81adb.dir/CMakeCCompilerABI.c.obj]
  ignore line: [/opt/psn00bsdk/PSn00bSDK-0.24-Linux/bin/mipsel-none-elf-ranlib libcmTC_81adb.a]
  ignore line: [gmake[1]: Leaving directory '/project/build-ps1/CMakeFiles/CMakeTmp']
  ignore line: []
  ignore line: []
  implicit libs: []
  implicit objs: []
  implicit dirs: []
  implicit fwks: []


